<?xml version="1.0" encoding="UTF-8"?>
<!-- Generated by org.testng.reporters.JUnitReportReporter -->
<testsuite skipped="0" hostname="SaiPersonal" name="dolibarr.thirdparty2" tests="1" failures="0" timestamp="20 Feb 2019 10:45:53 GMT" time="7.843" errors="0">
  <testcase name="Testthirdparty2" time="7.843" classname="dolibarr.thirdparty2"/>
</testsuite> <!-- dolibarr.thirdparty2 -->
