<?xml version="1.0" encoding="UTF-8"?>
<!-- Generated by org.testng.reporters.JUnitReportReporter -->
<testsuite skipped="0" hostname="SaiPersonal" name="dolibarr2.Testcase7" tests="1" failures="0" timestamp="19 Feb 2019 07:55:48 GMT" time="2.648" errors="0">
  <testcase name="TestTestcase7" time="2.648" classname="dolibarr2.Testcase7"/>
</testsuite> <!-- dolibarr2.Testcase7 -->
