<?xml version="1.0" encoding="UTF-8"?>
<!-- Generated by org.testng.reporters.JUnitReportReporter -->
<testsuite skipped="0" hostname="SaiPersonal" name="dolibarr2.Testcase8" tests="1" failures="0" timestamp="19 Feb 2019 07:55:47 GMT" time="2.242" errors="0">
  <testcase name="TestTestcase8" time="2.242" classname="dolibarr2.Testcase8"/>
</testsuite> <!-- dolibarr2.Testcase8 -->
