<?xml version="1.0" encoding="UTF-8"?>
<!-- Generated by org.testng.reporters.JUnitReportReporter -->
<testsuite skipped="0" hostname="SaiPersonal" name="GroupExecution.Sample2" tests="2" failures="0" timestamp="14 Feb 2019 04:53:47 GMT" time="0.005" errors="0">
  <testcase name="TestSystemScenario" time="0.003" classname="GroupExecution.Sample2"/>
  <testcase name="TestFunctionalScenario" time="0.002" classname="GroupExecution.Sample2"/>
</testsuite> <!-- GroupExecution.Sample2 -->
