<?xml version="1.0" encoding="UTF-8"?>
<!-- Generated by org.testng.reporters.JUnitReportReporter -->
<testsuite skipped="0" hostname="SaiPersonal" name="doilbarr1.subclassbrowser" tests="1" failures="0" timestamp="19 Feb 2019 06:11:20 GMT" time="3.352" errors="0">
  <testcase name="Testsubclassbrowser" time="3.352" classname="doilbarr1.subclassbrowser"/>
</testsuite> <!-- doilbarr1.subclassbrowser -->
