<?xml version="1.0" encoding="UTF-8"?>
<!-- Generated by org.testng.reporters.JUnitReportReporter -->
<testsuite skipped="0" hostname="SaiPersonal" name="doilbarr1.Testcase1" tests="1" failures="0" timestamp="18 Feb 2019 05:13:32 GMT" time="13.831" errors="0">
  <testcase name="TestTestcase1" time="13.831" classname="doilbarr1.Testcase1"/>
</testsuite> <!-- doilbarr1.Testcase1 -->
