<?xml version="1.0" encoding="UTF-8"?>
<!-- Generated by org.testng.reporters.JUnitReportReporter -->
<testsuite skipped="0" hostname="SaiPersonal" name="doilbarr1.addProjectTC_07" tests="1" failures="0" timestamp="25 Feb 2019 06:16:34 GMT" time="4.950" errors="0">
  <testcase name="TestaddProjectTC_07" time="4.950" classname="doilbarr1.addProjectTC_07"/>
</testsuite> <!-- doilbarr1.addProjectTC_07 -->
