<?xml version="1.0" encoding="UTF-8"?>
<!-- Generated by org.testng.reporters.JUnitReportReporter -->
<testsuite skipped="0" hostname="SaiPersonal" name="dolibarr.THIRDPARTY" tests="1" failures="0" timestamp="20 Feb 2019 10:45:53 GMT" time="13.111" errors="0">
  <testcase name="testThirdParty2" time="13.111" classname="dolibarr.THIRDPARTY"/>
</testsuite> <!-- dolibarr.THIRDPARTY -->
