<?xml version="1.0" encoding="UTF-8"?>
<!-- Generated by org.testng.reporters.JUnitReportReporter -->
<testsuite skipped="0" hostname="SaiPersonal" name="com.actitime.screenshots.case9" tests="1" failures="0" timestamp="28 Feb 2019 10:56:10 GMT" time="0.670" errors="0">
  <testcase name="Testcase9" time="0.670" classname="com.actitime.screenshots.case9"/>
</testsuite> <!-- com.actitime.screenshots.case9 -->
