<?xml version="1.0" encoding="UTF-8"?>
<!-- Generated by org.testng.reporters.JUnitReportReporter -->
<testsuite skipped="0" hostname="SaiPersonal" name="doilbarr1.Testcase2" tests="1" failures="0" timestamp="18 Feb 2019 05:51:47 GMT" time="10.801" errors="0">
  <testcase name="TestTestcase2" time="10.801" classname="doilbarr1.Testcase2"/>
</testsuite> <!-- doilbarr1.Testcase2 -->
