<?xml version="1.0" encoding="UTF-8"?>
<!-- Generated by org.testng.reporters.JUnitReportReporter -->
<testsuite skipped="0" hostname="SaiPersonal" name="Week1.sample8" tests="1" failures="0" timestamp="27 Feb 2019 04:43:13 GMT" time="4.351" errors="0">
  <testcase name="Testsample8" time="4.351" classname="Week1.sample8"/>
</testsuite> <!-- Week1.sample8 -->
