<?xml version="1.0" encoding="UTF-8"?>
<!-- Generated by org.testng.reporters.JUnitReportReporter -->
<testsuite skipped="0" hostname="SaiPersonal" name="Demo.CreateCustomer" tests="1" failures="0" timestamp="13 Feb 2019 05:55:31 GMT" time="9.218" errors="0">
  <testcase name="TestCreateCustomer" time="9.218" classname="Demo.CreateCustomer"/>
</testsuite> <!-- Demo.CreateCustomer -->
