<?xml version="1.0" encoding="UTF-8"?>
<!-- Generated by org.testng.reporters.JUnitReportReporter -->
<testsuite skipped="0" hostname="SaiPersonal" name="dolibarr.CreateGroup" tests="1" failures="0" timestamp="17 Feb 2019 04:12:36 GMT" time="38.023" errors="0">
  <testcase name="TestCreateGroup" time="38.023" classname="dolibarr.CreateGroup"/>
</testsuite> <!-- dolibarr.CreateGroup -->
