<?xml version="1.0" encoding="UTF-8"?>
<!-- Generated by org.testng.reporters.JUnitReportReporter -->
<testsuite skipped="0" hostname="SaiPersonal" name="ParallelExecution.ParallelExecution" tests="2" failures="0" timestamp="14 Feb 2019 05:45:19 GMT" time="27.719" errors="0">
  <testcase name="TestParallelExecution" time="17.289" classname="ParallelExecution.ParallelExecution"/>
  <testcase name="TestParallelExecution" time="10.430" classname="ParallelExecution.ParallelExecution"/>
</testsuite> <!-- ParallelExecution.ParallelExecution -->
