<?xml version="1.0" encoding="UTF-8"?>
<!-- Generated by org.testng.reporters.JUnitReportReporter -->
<testsuite skipped="0" hostname="SaiPersonal" name="doilbarr1.Test_case1" tests="1" failures="0" timestamp="21 Feb 2019 14:00:13 GMT" time="4.294" errors="0">
  <testcase name="TestTest_case1" time="4.294" classname="doilbarr1.Test_case1"/>
</testsuite> <!-- doilbarr1.Test_case1 -->
