<?xml version="1.0" encoding="UTF-8"?>
<!-- Generated by org.testng.reporters.JUnitReportReporter -->
<testsuite skipped="0" hostname="SaiPersonal" name="Assert.DeleteLead" tests="1" failures="0" timestamp="15 Feb 2019 09:02:37 GMT" time="21.638" errors="0">
  <testcase name="TestDeleteLead" time="21.638" classname="Assert.DeleteLead"/>
</testsuite> <!-- Assert.DeleteLead -->
