<?xml version="1.0" encoding="UTF-8"?>
<!-- Generated by org.testng.reporters.JUnitReportReporter -->
<testsuite skipped="0" hostname="SaiPersonal" name="Demo.Login" tests="1" failures="0" timestamp="13 Feb 2019 05:55:31 GMT" time="5.847" errors="0">
  <testcase name="TestLogin" time="5.847" classname="Demo.Login"/>
</testsuite> <!-- Demo.Login -->
