<?xml version="1.0" encoding="UTF-8"?>
<!-- Generated by org.testng.reporters.JUnitReportReporter -->
<testsuite skipped="0" hostname="SaiPersonal" name="doilbarr1.Projects" tests="1" failures="0" timestamp="19 Feb 2019 05:51:10 GMT" time="2.262" errors="0">
  <testcase name="TestProjects" time="2.262" classname="doilbarr1.Projects"/>
</testsuite> <!-- doilbarr1.Projects -->
