<?xml version="1.0" encoding="UTF-8"?>
<!-- Generated by org.testng.reporters.JUnitReportReporter -->
<testsuite skipped="0" hostname="SaiPersonal" name="GroupExecution.Sample3" tests="2" failures="0" timestamp="14 Feb 2019 04:53:47 GMT" time="0.006" errors="0">
  <testcase name="TestSystemScenario" time="0.002" classname="GroupExecution.Sample3"/>
  <testcase name="TestFunctionalScenario" time="0.004" classname="GroupExecution.Sample3"/>
</testsuite> <!-- GroupExecution.Sample3 -->
