<?xml version="1.0" encoding="UTF-8"?>
<!-- Generated by org.testng.reporters.JUnitReportReporter -->
<testsuite skipped="0" hostname="SaiPersonal" name="dolibarr.thirdparty1" tests="1" failures="0" timestamp="20 Feb 2019 10:45:53 GMT" time="15.589" errors="0">
  <testcase name="testthirdparty1" time="15.589" classname="dolibarr.thirdparty1"/>
</testsuite> <!-- dolibarr.thirdparty1 -->
