<?xml version="1.0" encoding="UTF-8"?>
<!-- Generated by org.testng.reporters.JUnitReportReporter -->
<testsuite skipped="0" hostname="SaiPersonal" name="doilbarr1.Testcase7" tests="1" failures="0" timestamp="19 Feb 2019 06:56:10 GMT" time="2.957" errors="0">
  <testcase name="TestTestcase7" time="2.957" classname="doilbarr1.Testcase7"/>
</testsuite> <!-- doilbarr1.Testcase7 -->
