<?xml version="1.0" encoding="UTF-8"?>
<!-- Generated by org.testng.reporters.JUnitReportReporter -->
<testsuite skipped="0" hostname="SaiPersonal" name="dolibarr.CreateUser" tests="1" failures="0" timestamp="17 Feb 2019 04:12:36 GMT" time="46.319" errors="0">
  <testcase name="TestCreateUser" time="46.319" classname="dolibarr.CreateUser"/>
</testsuite> <!-- dolibarr.CreateUser -->
