<?xml version="1.0" encoding="UTF-8"?>
<!-- Generated by org.testng.reporters.JUnitReportReporter -->
<testsuite skipped="0" hostname="SaiPersonal" name="doilbarr1.CreateCustomerTC_02" tests="1" failures="0" timestamp="23 Feb 2019 05:38:53 GMT" time="4.632" errors="0">
  <testcase name="testCreateCustomerTC_02" time="4.632" classname="doilbarr1.CreateCustomerTC_02"/>
</testsuite> <!-- doilbarr1.CreateCustomerTC_02 -->
