<?xml version="1.0" encoding="UTF-8"?>
<!-- Generated by org.testng.reporters.JUnitReportReporter -->
<testsuite skipped="0" hostname="SaiPersonal" name="doilbarr1.deleteCustomerTC_06" tests="1" failures="0" timestamp="25 Feb 2019 05:59:35 GMT" time="5.252" errors="0">
  <testcase name="deleteCustomerTC_06" time="5.252" classname="doilbarr1.deleteCustomerTC_06"/>
</testsuite> <!-- doilbarr1.deleteCustomerTC_06 -->
