<?xml version="1.0" encoding="UTF-8"?>
<!-- Generated by org.testng.reporters.JUnitReportReporter -->
<testsuite skipped="0" hostname="SaiPersonal" name="doilbarr1.Testcase8" tests="1" failures="0" timestamp="19 Feb 2019 07:03:18 GMT" time="2.789" errors="0">
  <testcase name="TestTestcase8" time="2.789" classname="doilbarr1.Testcase8"/>
</testsuite> <!-- doilbarr1.Testcase8 -->
