<?xml version="1.0" encoding="UTF-8"?>
<!-- Generated by org.testng.reporters.JUnitReportReporter -->
<testsuite skipped="0" hostname="SaiPersonal" name="doilbarr1.Testcase9" tests="1" failures="0" timestamp="19 Feb 2019 07:16:10 GMT" time="3.881" errors="0">
  <testcase name="TestTestcase9" time="3.881" classname="doilbarr1.Testcase9"/>
</testsuite> <!-- doilbarr1.Testcase9 -->
