<?xml version="1.0" encoding="UTF-8"?>
<!-- Generated by org.testng.reporters.JUnitReportReporter -->
<testsuite skipped="0" hostname="SaiPersonal" name="Demo1.Organisation2" tests="1" failures="0" timestamp="13 Feb 2019 15:44:45 GMT" time="40.795" errors="0">
  <testcase name="TestOrganisation2" time="40.795" classname="Demo1.Organisation2"/>
</testsuite> <!-- Demo1.Organisation2 -->
