<?xml version="1.0" encoding="UTF-8"?>
<!-- Generated by org.testng.reporters.JUnitReportReporter -->
<testsuite skipped="0" hostname="SaiPersonal" name="Parameters.Sample" tests="1" failures="0" timestamp="14 Feb 2019 05:02:45 GMT" time="0.009" errors="0">
  <testcase name="TestSample" time="0.009" classname="Parameters.Sample"/>
</testsuite> <!-- Parameters.Sample -->
