<?xml version="1.0" encoding="UTF-8"?>
<!-- Generated by org.testng.reporters.JUnitReportReporter -->
<testsuite skipped="0" hostname="SaiPersonal" name="com.actitime.screenshots.case8" tests="1" failures="0" timestamp="28 Feb 2019 10:56:10 GMT" time="1.108" errors="0">
  <testcase name="Testcase8" time="1.108" classname="com.actitime.screenshots.case8"/>
</testsuite> <!-- com.actitime.screenshots.case8 -->
