<?xml version="1.0" encoding="UTF-8"?>
<!-- Generated by org.testng.reporters.JUnitReportReporter -->
<testsuite skipped="0" hostname="SaiPersonal" name="Week1.sample9" tests="1" failures="0" timestamp="27 Feb 2019 04:43:13 GMT" time="1.795" errors="0">
  <testcase name="Testsample9" time="1.795" classname="Week1.sample9"/>
</testsuite> <!-- Week1.sample9 -->
