<?xml version="1.0" encoding="UTF-8"?>
<!-- Generated by org.testng.reporters.JUnitReportReporter -->
<testsuite skipped="0" hostname="SaiPersonal" name="dolibarr2.Testcase10" tests="1" failures="0" timestamp="19 Feb 2019 07:55:48 GMT" time="5.842" errors="0">
  <testcase name="TestTestcase10" time="5.842" classname="dolibarr2.Testcase10"/>
</testsuite> <!-- dolibarr2.Testcase10 -->
