<?xml version="1.0" encoding="UTF-8"?>
<!-- Generated by org.testng.reporters.JUnitReportReporter -->
<testsuite skipped="0" hostname="SaiPersonal" name="doilbarr1.Testcase4" tests="1" failures="0" timestamp="19 Feb 2019 06:30:27 GMT" time="4.361" errors="0">
  <testcase name="TestTestcase4" time="4.361" classname="doilbarr1.Testcase4"/>
</testsuite> <!-- doilbarr1.Testcase4 -->
