<?xml version="1.0" encoding="UTF-8"?>
<!-- Generated by org.testng.reporters.JUnitReportReporter -->
<testsuite skipped="0" hostname="SaiPersonal" name="dolibarr2.testcase5" tests="1" failures="0" timestamp="19 Feb 2019 07:55:47 GMT" time="11.349" errors="0">
  <testcase name="TestTestcase5" time="11.349" classname="dolibarr2.testcase5"/>
</testsuite> <!-- dolibarr2.testcase5 -->
