<?xml version="1.0" encoding="UTF-8"?>
<!-- Generated by org.testng.reporters.JUnitReportReporter -->
<testsuite skipped="0" hostname="SaiPersonal" name="doilbarr1.Test_case4" tests="1" failures="0" timestamp="21 Feb 2019 14:51:09 GMT" time="5.052" errors="0">
  <testcase name="TestTest_case4" time="5.052" classname="doilbarr1.Test_case4"/>
</testsuite> <!-- doilbarr1.Test_case4 -->
