<?xml version="1.0" encoding="UTF-8"?>
<!-- Generated by org.testng.reporters.JUnitReportReporter -->
<testsuite skipped="0" hostname="SaiPersonal" name="doilbarr1.LoginLogoutTC_01" tests="1" failures="0" timestamp="22 Feb 2019 06:03:27 GMT" time="2.565" errors="0">
  <testcase name="testLoginLogoutTC_01" time="2.565" classname="doilbarr1.LoginLogoutTC_01"/>
</testsuite> <!-- doilbarr1.LoginLogoutTC_01 -->
