<?xml version="1.0" encoding="UTF-8"?>
<!-- Generated by org.testng.reporters.JUnitReportReporter -->
<testsuite skipped="0" hostname="SaiPersonal" name="doilbarr1.CreateUserTC_03" tests="1" failures="0" timestamp="23 Feb 2019 07:12:50 GMT" time="6.160" errors="0">
  <testcase name="testCreateUserTC_03" time="6.160" classname="doilbarr1.CreateUserTC_03"/>
</testsuite> <!-- doilbarr1.CreateUserTC_03 -->
