<?xml version="1.0" encoding="UTF-8"?>
<!-- Generated by org.testng.reporters.JUnitReportReporter -->
<testsuite skipped="0" hostname="SaiPersonal" name="Demo1.DeleteOrganisation" tests="1" failures="0" timestamp="13 Feb 2019 15:44:45 GMT" time="54.716" errors="0">
  <testcase name="TestDeleteOrganisation" time="54.716" classname="Demo1.DeleteOrganisation"/>
</testsuite> <!-- Demo1.DeleteOrganisation -->
