<?xml version="1.0" encoding="UTF-8"?>
<!-- Generated by org.testng.reporters.JUnitReportReporter -->
<testsuite skipped="0" hostname="SaiPersonal" name="dolibarr.DeleteGroup" tests="1" failures="0" timestamp="17 Feb 2019 04:12:36 GMT" time="39.047" errors="0">
  <testcase name="TestDeleteGroup" time="39.047" classname="dolibarr.DeleteGroup"/>
</testsuite> <!-- dolibarr.DeleteGroup -->
