<?xml version="1.0" encoding="UTF-8"?>
<!-- Generated by org.testng.reporters.JUnitReportReporter -->
<testsuite skipped="0" hostname="SaiPersonal" name="doilbarr1.CreateGroupTC_04" tests="1" failures="0" timestamp="23 Feb 2019 07:41:36 GMT" time="4.510" errors="0">
  <testcase name="testGroupTC_04" time="4.510" classname="doilbarr1.CreateGroupTC_04"/>
</testsuite> <!-- doilbarr1.CreateGroupTC_04 -->
